build/app/intermediates/manifest_merge_blame_file/release/manifest-merger-blame-release-report.txt
1<?xml version="1.0" encoding="utf-8"?>
2<manifest xmlns:android="http://schemas.android.com/apk/res/android"
3    package="com.xelwel.digipatra"
4    android:versionCode="1"
5    android:versionName="2.0.2" >
6
7    <uses-sdk
7-->src/main/AndroidManifest.xml:3:5-74
8        android:minSdkVersion="23"
8-->src/main/AndroidManifest.xml:3:15-41
9        android:targetSdkVersion="35" />
9-->src/main/AndroidManifest.xml:3:42-71
10
11    <uses-permission android:name="android.permission.INTERNET" />
11-->src/main/AndroidManifest.xml:2:5-67
11-->src/main/AndroidManifest.xml:2:22-64
12    <!--
13         Required to query activities that can process text, see:
14         https://developer.android.com/training/package-visibility and
15         https://developer.android.com/reference/android/content/Intent#ACTION_PROCESS_TEXT.
16
17         In particular, this is used by the Flutter engine in io.flutter.plugin.text.ProcessTextPlugin.
18    -->
19    <queries>
19-->src/main/AndroidManifest.xml:42:5-47:15
20        <intent>
20-->src/main/AndroidManifest.xml:43:9-46:18
21            <action android:name="android.intent.action.PROCESS_TEXT" />
21-->src/main/AndroidManifest.xml:44:13-73
21-->src/main/AndroidManifest.xml:44:21-70
22
23            <data android:mimeType="text/plain" />
23-->src/main/AndroidManifest.xml:45:13-51
23-->src/main/AndroidManifest.xml:45:19-48
24        </intent>
25        <intent>
25-->[:flutter_inappwebview_android] AndroidManifest.xml:8:9-10:18
26            <action android:name="android.support.customtabs.action.CustomTabsService" />
26-->[:flutter_inappwebview_android] AndroidManifest.xml:9:13-90
26-->[:flutter_inappwebview_android] AndroidManifest.xml:9:21-87
27        </intent>
28    </queries>
29
30    <uses-permission android:name="android.permission.ACCESS_NETWORK_STATE" />
30-->[com.google.android.gms:play-services-measurement-api:22.3.0] AndroidManifest.xml:23:5-79
30-->[com.google.android.gms:play-services-measurement-api:22.3.0] AndroidManifest.xml:23:22-76
31    <uses-permission android:name="android.permission.WAKE_LOCK" />
31-->[com.google.android.gms:play-services-measurement-api:22.3.0] AndroidManifest.xml:24:5-68
31-->[com.google.android.gms:play-services-measurement-api:22.3.0] AndroidManifest.xml:24:22-65
32    <uses-permission android:name="com.google.android.gms.permission.AD_ID" />
32-->[com.google.android.gms:play-services-measurement-api:22.3.0] AndroidManifest.xml:25:5-79
32-->[com.google.android.gms:play-services-measurement-api:22.3.0] AndroidManifest.xml:25:22-76
33    <uses-permission android:name="android.permission.ACCESS_ADSERVICES_ATTRIBUTION" />
33-->[com.google.android.gms:play-services-measurement-api:22.3.0] AndroidManifest.xml:26:5-88
33-->[com.google.android.gms:play-services-measurement-api:22.3.0] AndroidManifest.xml:26:22-85
34    <uses-permission android:name="android.permission.ACCESS_ADSERVICES_AD_ID" />
34-->[com.google.android.gms:play-services-measurement-api:22.3.0] AndroidManifest.xml:27:5-82
34-->[com.google.android.gms:play-services-measurement-api:22.3.0] AndroidManifest.xml:27:22-79
35    <uses-permission android:name="com.google.android.finsky.permission.BIND_GET_INSTALL_REFERRER_SERVICE" />
35-->[com.google.android.gms:play-services-measurement:22.3.0] AndroidManifest.xml:26:5-110
35-->[com.google.android.gms:play-services-measurement:22.3.0] AndroidManifest.xml:26:22-107
36
37    <permission
37-->[androidx.core:core:1.13.1] AndroidManifest.xml:22:5-24:47
38        android:name="com.xelwel.digipatra.DYNAMIC_RECEIVER_NOT_EXPORTED_PERMISSION"
38-->[androidx.core:core:1.13.1] AndroidManifest.xml:23:9-81
39        android:protectionLevel="signature" />
39-->[androidx.core:core:1.13.1] AndroidManifest.xml:24:9-44
40
41    <uses-permission android:name="com.xelwel.digipatra.DYNAMIC_RECEIVER_NOT_EXPORTED_PERMISSION" />
41-->[androidx.core:core:1.13.1] AndroidManifest.xml:26:5-97
41-->[androidx.core:core:1.13.1] AndroidManifest.xml:26:22-94
42
43    <application
44        android:name="android.app.Application"
44-->src/main/AndroidManifest.xml:7:9-42
45        android:appComponentFactory="androidx.core.app.CoreComponentFactory"
45-->[androidx.core:core:1.13.1] AndroidManifest.xml:28:18-86
46        android:extractNativeLibs="false"
47        android:icon="@mipmap/launcher_icon"
47-->src/main/AndroidManifest.xml:8:9-45
48        android:label="Digital Naya Badapatra" >
48-->src/main/AndroidManifest.xml:6:9-47
49        <activity
49-->src/main/AndroidManifest.xml:9:9-30:20
50            android:name="com.xelwel.digipatra.MainActivity"
50-->src/main/AndroidManifest.xml:10:13-41
51            android:configChanges="orientation|keyboardHidden|keyboard|screenSize|smallestScreenSize|locale|layoutDirection|fontScale|screenLayout|density|uiMode"
51-->src/main/AndroidManifest.xml:15:13-163
52            android:exported="true"
52-->src/main/AndroidManifest.xml:11:13-36
53            android:hardwareAccelerated="true"
53-->src/main/AndroidManifest.xml:16:13-47
54            android:launchMode="singleTop"
54-->src/main/AndroidManifest.xml:12:13-43
55            android:taskAffinity=""
55-->src/main/AndroidManifest.xml:13:13-36
56            android:theme="@style/LaunchTheme"
56-->src/main/AndroidManifest.xml:14:13-47
57            android:windowSoftInputMode="adjustResize" >
57-->src/main/AndroidManifest.xml:17:13-55
58
59            <!--
60                 Specifies an Android theme to apply to this Activity as soon as
61                 the Android process has started. This theme is visible to the user
62                 while the Flutter UI initializes. After that, this theme continues
63                 to determine the Window background behind the Flutter UI.
64            -->
65            <meta-data
65-->src/main/AndroidManifest.xml:22:13-25:15
66                android:name="io.flutter.embedding.android.NormalTheme"
66-->src/main/AndroidManifest.xml:23:17-72
67                android:resource="@style/NormalTheme" />
67-->src/main/AndroidManifest.xml:24:17-54
68
69            <intent-filter>
69-->src/main/AndroidManifest.xml:26:13-29:29
70                <action android:name="android.intent.action.MAIN" />
70-->src/main/AndroidManifest.xml:27:17-69
70-->src/main/AndroidManifest.xml:27:25-66
71
72                <category android:name="android.intent.category.LAUNCHER" />
72-->src/main/AndroidManifest.xml:28:17-77
72-->src/main/AndroidManifest.xml:28:27-74
73            </intent-filter>
74        </activity>
75        <!--
76             Don't delete the meta-data below.
77             This is used by the Flutter tool to generate GeneratedPluginRegistrant.java
78        -->
79        <meta-data
79-->src/main/AndroidManifest.xml:33:9-35:33
80            android:name="flutterEmbedding"
80-->src/main/AndroidManifest.xml:34:13-44
81            android:value="2" />
81-->src/main/AndroidManifest.xml:35:13-30
82
83        <service
83-->[:firebase_crashlytics] AndroidManifest.xml:8:9-12:19
84            android:name="com.google.firebase.components.ComponentDiscoveryService"
84-->[:firebase_crashlytics] AndroidManifest.xml:8:18-89
85            android:directBootAware="true"
85-->[com.google.firebase:firebase-common:21.0.0] AndroidManifest.xml:32:13-43
86            android:exported="false" >
86-->[com.google.firebase:firebase-crashlytics:19.4.1] AndroidManifest.xml:14:13-37
87            <meta-data
87-->[:firebase_crashlytics] AndroidManifest.xml:9:13-11:85
88                android:name="com.google.firebase.components:io.flutter.plugins.firebase.crashlytics.FlutterFirebaseAppRegistrar"
88-->[:firebase_crashlytics] AndroidManifest.xml:10:17-130
89                android:value="com.google.firebase.components.ComponentRegistrar" />
89-->[:firebase_crashlytics] AndroidManifest.xml:11:17-82
90            <meta-data
90-->[:firebase_core] AndroidManifest.xml:9:13-11:85
91                android:name="com.google.firebase.components:io.flutter.plugins.firebase.core.FlutterFirebaseCoreRegistrar"
91-->[:firebase_core] AndroidManifest.xml:10:17-124
92                android:value="com.google.firebase.components.ComponentRegistrar" />
92-->[:firebase_core] AndroidManifest.xml:11:17-82
93            <meta-data
93-->[com.google.firebase:firebase-crashlytics:19.4.1] AndroidManifest.xml:15:13-17:85
94                android:name="com.google.firebase.components:com.google.firebase.crashlytics.FirebaseCrashlyticsKtxRegistrar"
94-->[com.google.firebase:firebase-crashlytics:19.4.1] AndroidManifest.xml:16:17-126
95                android:value="com.google.firebase.components.ComponentRegistrar" />
95-->[com.google.firebase:firebase-crashlytics:19.4.1] AndroidManifest.xml:17:17-82
96            <meta-data
96-->[com.google.firebase:firebase-crashlytics:19.4.1] AndroidManifest.xml:18:13-20:85
97                android:name="com.google.firebase.components:com.google.firebase.crashlytics.CrashlyticsRegistrar"
97-->[com.google.firebase:firebase-crashlytics:19.4.1] AndroidManifest.xml:19:17-115
98                android:value="com.google.firebase.components.ComponentRegistrar" />
98-->[com.google.firebase:firebase-crashlytics:19.4.1] AndroidManifest.xml:20:17-82
99            <meta-data
99-->[com.google.android.gms:play-services-measurement-api:22.3.0] AndroidManifest.xml:33:13-35:85
100                android:name="com.google.firebase.components:com.google.firebase.analytics.connector.internal.AnalyticsConnectorRegistrar"
100-->[com.google.android.gms:play-services-measurement-api:22.3.0] AndroidManifest.xml:34:17-139
101                android:value="com.google.firebase.components.ComponentRegistrar" />
101-->[com.google.android.gms:play-services-measurement-api:22.3.0] AndroidManifest.xml:35:17-82
102            <meta-data
102-->[com.google.firebase:firebase-sessions:2.0.9] AndroidManifest.xml:29:13-31:85
103                android:name="com.google.firebase.components:com.google.firebase.sessions.FirebaseSessionsRegistrar"
103-->[com.google.firebase:firebase-sessions:2.0.9] AndroidManifest.xml:30:17-117
104                android:value="com.google.firebase.components.ComponentRegistrar" />
104-->[com.google.firebase:firebase-sessions:2.0.9] AndroidManifest.xml:31:17-82
105            <meta-data
105-->[com.google.firebase:firebase-installations:18.0.0] AndroidManifest.xml:15:13-17:85
106                android:name="com.google.firebase.components:com.google.firebase.installations.FirebaseInstallationsKtxRegistrar"
106-->[com.google.firebase:firebase-installations:18.0.0] AndroidManifest.xml:16:17-130
107                android:value="com.google.firebase.components.ComponentRegistrar" />
107-->[com.google.firebase:firebase-installations:18.0.0] AndroidManifest.xml:17:17-82
108            <meta-data
108-->[com.google.firebase:firebase-installations:18.0.0] AndroidManifest.xml:18:13-20:85
109                android:name="com.google.firebase.components:com.google.firebase.installations.FirebaseInstallationsRegistrar"
109-->[com.google.firebase:firebase-installations:18.0.0] AndroidManifest.xml:19:17-127
110                android:value="com.google.firebase.components.ComponentRegistrar" />
110-->[com.google.firebase:firebase-installations:18.0.0] AndroidManifest.xml:20:17-82
111            <meta-data
111-->[com.google.firebase:firebase-common-ktx:21.0.0] AndroidManifest.xml:12:13-14:85
112                android:name="com.google.firebase.components:com.google.firebase.ktx.FirebaseCommonLegacyRegistrar"
112-->[com.google.firebase:firebase-common-ktx:21.0.0] AndroidManifest.xml:13:17-116
113                android:value="com.google.firebase.components.ComponentRegistrar" />
113-->[com.google.firebase:firebase-common-ktx:21.0.0] AndroidManifest.xml:14:17-82
114            <meta-data
114-->[com.google.firebase:firebase-common:21.0.0] AndroidManifest.xml:35:13-37:85
115                android:name="com.google.firebase.components:com.google.firebase.FirebaseCommonKtxRegistrar"
115-->[com.google.firebase:firebase-common:21.0.0] AndroidManifest.xml:36:17-109
116                android:value="com.google.firebase.components.ComponentRegistrar" />
116-->[com.google.firebase:firebase-common:21.0.0] AndroidManifest.xml:37:17-82
117            <meta-data
117-->[com.google.firebase:firebase-datatransport:19.0.0] AndroidManifest.xml:25:13-27:85
118                android:name="com.google.firebase.components:com.google.firebase.datatransport.TransportRegistrar"
118-->[com.google.firebase:firebase-datatransport:19.0.0] AndroidManifest.xml:26:17-115
119                android:value="com.google.firebase.components.ComponentRegistrar" />
119-->[com.google.firebase:firebase-datatransport:19.0.0] AndroidManifest.xml:27:17-82
120        </service>
121        <service
121-->[com.google.firebase:firebase-sessions:2.0.9] AndroidManifest.xml:22:9-25:40
122            android:name="com.google.firebase.sessions.SessionLifecycleService"
122-->[com.google.firebase:firebase-sessions:2.0.9] AndroidManifest.xml:23:13-80
123            android:enabled="true"
123-->[com.google.firebase:firebase-sessions:2.0.9] AndroidManifest.xml:24:13-35
124            android:exported="false" />
124-->[com.google.firebase:firebase-sessions:2.0.9] AndroidManifest.xml:25:13-37
125
126        <provider
126-->[com.google.firebase:firebase-common:21.0.0] AndroidManifest.xml:23:9-28:39
127            android:name="com.google.firebase.provider.FirebaseInitProvider"
127-->[com.google.firebase:firebase-common:21.0.0] AndroidManifest.xml:24:13-77
128            android:authorities="com.xelwel.digipatra.firebaseinitprovider"
128-->[com.google.firebase:firebase-common:21.0.0] AndroidManifest.xml:25:13-72
129            android:directBootAware="true"
129-->[com.google.firebase:firebase-common:21.0.0] AndroidManifest.xml:26:13-43
130            android:exported="false"
130-->[com.google.firebase:firebase-common:21.0.0] AndroidManifest.xml:27:13-37
131            android:initOrder="100" />
131-->[com.google.firebase:firebase-common:21.0.0] AndroidManifest.xml:28:13-36
132
133        <activity
133-->[:flutter_inappwebview_android] AndroidManifest.xml:14:9-18:47
134            android:name="com.pichillilorenzo.flutter_inappwebview_android.in_app_browser.InAppBrowserActivity"
134-->[:flutter_inappwebview_android] AndroidManifest.xml:15:13-112
135            android:configChanges="orientation|keyboardHidden|keyboard|screenSize|locale|layoutDirection|fontScale|screenLayout|density"
135-->[:flutter_inappwebview_android] AndroidManifest.xml:16:13-137
136            android:exported="false"
136-->[:flutter_inappwebview_android] AndroidManifest.xml:17:13-37
137            android:theme="@style/AppTheme" />
137-->[:flutter_inappwebview_android] AndroidManifest.xml:18:13-44
138        <activity
138-->[:flutter_inappwebview_android] AndroidManifest.xml:19:9-22:55
139            android:name="com.pichillilorenzo.flutter_inappwebview_android.chrome_custom_tabs.ChromeCustomTabsActivity"
139-->[:flutter_inappwebview_android] AndroidManifest.xml:20:13-120
140            android:exported="false"
140-->[:flutter_inappwebview_android] AndroidManifest.xml:21:13-37
141            android:theme="@style/ThemeTransparent" />
141-->[:flutter_inappwebview_android] AndroidManifest.xml:22:13-52
142        <activity
142-->[:flutter_inappwebview_android] AndroidManifest.xml:23:9-26:55
143            android:name="com.pichillilorenzo.flutter_inappwebview_android.chrome_custom_tabs.TrustedWebActivity"
143-->[:flutter_inappwebview_android] AndroidManifest.xml:24:13-114
144            android:exported="false"
144-->[:flutter_inappwebview_android] AndroidManifest.xml:25:13-37
145            android:theme="@style/ThemeTransparent" />
145-->[:flutter_inappwebview_android] AndroidManifest.xml:26:13-52
146        <activity
146-->[:flutter_inappwebview_android] AndroidManifest.xml:27:9-31:55
147            android:name="com.pichillilorenzo.flutter_inappwebview_android.chrome_custom_tabs.ChromeCustomTabsActivitySingleInstance"
147-->[:flutter_inappwebview_android] AndroidManifest.xml:28:13-134
148            android:exported="false"
148-->[:flutter_inappwebview_android] AndroidManifest.xml:29:13-37
149            android:launchMode="singleInstance"
149-->[:flutter_inappwebview_android] AndroidManifest.xml:30:13-48
150            android:theme="@style/ThemeTransparent" />
150-->[:flutter_inappwebview_android] AndroidManifest.xml:31:13-52
151        <activity
151-->[:flutter_inappwebview_android] AndroidManifest.xml:32:9-36:55
152            android:name="com.pichillilorenzo.flutter_inappwebview_android.chrome_custom_tabs.TrustedWebActivitySingleInstance"
152-->[:flutter_inappwebview_android] AndroidManifest.xml:33:13-128
153            android:exported="false"
153-->[:flutter_inappwebview_android] AndroidManifest.xml:34:13-37
154            android:launchMode="singleInstance"
154-->[:flutter_inappwebview_android] AndroidManifest.xml:35:13-48
155            android:theme="@style/ThemeTransparent" />
155-->[:flutter_inappwebview_android] AndroidManifest.xml:36:13-52
156
157        <receiver
157-->[:flutter_inappwebview_android] AndroidManifest.xml:38:9-41:40
158            android:name="com.pichillilorenzo.flutter_inappwebview_android.chrome_custom_tabs.ActionBroadcastReceiver"
158-->[:flutter_inappwebview_android] AndroidManifest.xml:39:13-119
159            android:enabled="true"
159-->[:flutter_inappwebview_android] AndroidManifest.xml:40:13-35
160            android:exported="false" />
160-->[:flutter_inappwebview_android] AndroidManifest.xml:41:13-37
161
162        <meta-data
162-->[:flutter_inappwebview_android] AndroidManifest.xml:43:9-45:36
163            android:name="io.flutter.embedded_views_preview"
163-->[:flutter_inappwebview_android] AndroidManifest.xml:44:13-61
164            android:value="true" />
164-->[:flutter_inappwebview_android] AndroidManifest.xml:45:13-33
165
166        <service
166-->[com.google.android.datatransport:transport-backend-cct:3.3.0] AndroidManifest.xml:26:9-32:19
167            android:name="com.google.android.datatransport.runtime.backends.TransportBackendDiscovery"
167-->[com.google.android.datatransport:transport-backend-cct:3.3.0] AndroidManifest.xml:27:13-103
168            android:exported="false" >
168-->[com.google.android.datatransport:transport-backend-cct:3.3.0] AndroidManifest.xml:28:13-37
169            <meta-data
169-->[com.google.android.datatransport:transport-backend-cct:3.3.0] AndroidManifest.xml:29:13-31:39
170                android:name="backend:com.google.android.datatransport.cct.CctBackendFactory"
170-->[com.google.android.datatransport:transport-backend-cct:3.3.0] AndroidManifest.xml:30:17-94
171                android:value="cct" />
171-->[com.google.android.datatransport:transport-backend-cct:3.3.0] AndroidManifest.xml:31:17-36
172        </service>
173
174        <receiver
174-->[com.google.android.gms:play-services-measurement:22.3.0] AndroidManifest.xml:29:9-33:20
175            android:name="com.google.android.gms.measurement.AppMeasurementReceiver"
175-->[com.google.android.gms:play-services-measurement:22.3.0] AndroidManifest.xml:30:13-85
176            android:enabled="true"
176-->[com.google.android.gms:play-services-measurement:22.3.0] AndroidManifest.xml:31:13-35
177            android:exported="false" >
177-->[com.google.android.gms:play-services-measurement:22.3.0] AndroidManifest.xml:32:13-37
178        </receiver>
179
180        <service
180-->[com.google.android.gms:play-services-measurement:22.3.0] AndroidManifest.xml:35:9-38:40
181            android:name="com.google.android.gms.measurement.AppMeasurementService"
181-->[com.google.android.gms:play-services-measurement:22.3.0] AndroidManifest.xml:36:13-84
182            android:enabled="true"
182-->[com.google.android.gms:play-services-measurement:22.3.0] AndroidManifest.xml:37:13-35
183            android:exported="false" />
183-->[com.google.android.gms:play-services-measurement:22.3.0] AndroidManifest.xml:38:13-37
184        <service
184-->[com.google.android.gms:play-services-measurement:22.3.0] AndroidManifest.xml:39:9-43:72
185            android:name="com.google.android.gms.measurement.AppMeasurementJobService"
185-->[com.google.android.gms:play-services-measurement:22.3.0] AndroidManifest.xml:40:13-87
186            android:enabled="true"
186-->[com.google.android.gms:play-services-measurement:22.3.0] AndroidManifest.xml:41:13-35
187            android:exported="false"
187-->[com.google.android.gms:play-services-measurement:22.3.0] AndroidManifest.xml:42:13-37
188            android:permission="android.permission.BIND_JOB_SERVICE" />
188-->[com.google.android.gms:play-services-measurement:22.3.0] AndroidManifest.xml:43:13-69
189
190        <activity
190-->[com.google.android.gms:play-services-base:18.5.0] AndroidManifest.xml:5:9-173
191            android:name="com.google.android.gms.common.api.GoogleApiActivity"
191-->[com.google.android.gms:play-services-base:18.5.0] AndroidManifest.xml:5:19-85
192            android:exported="false"
192-->[com.google.android.gms:play-services-base:18.5.0] AndroidManifest.xml:5:146-170
193            android:theme="@android:style/Theme.Translucent.NoTitleBar" />
193-->[com.google.android.gms:play-services-base:18.5.0] AndroidManifest.xml:5:86-145
194
195        <uses-library
195-->[androidx.window:window:1.2.0] AndroidManifest.xml:23:9-25:40
196            android:name="androidx.window.extensions"
196-->[androidx.window:window:1.2.0] AndroidManifest.xml:24:13-54
197            android:required="false" />
197-->[androidx.window:window:1.2.0] AndroidManifest.xml:25:13-37
198        <uses-library
198-->[androidx.window:window:1.2.0] AndroidManifest.xml:26:9-28:40
199            android:name="androidx.window.sidecar"
199-->[androidx.window:window:1.2.0] AndroidManifest.xml:27:13-51
200            android:required="false" />
200-->[androidx.window:window:1.2.0] AndroidManifest.xml:28:13-37
201
202        <meta-data
202-->[com.google.android.gms:play-services-basement:18.5.0] AndroidManifest.xml:21:9-23:69
203            android:name="com.google.android.gms.version"
203-->[com.google.android.gms:play-services-basement:18.5.0] AndroidManifest.xml:22:13-58
204            android:value="@integer/google_play_services_version" />
204-->[com.google.android.gms:play-services-basement:18.5.0] AndroidManifest.xml:23:13-66
205
206        <provider
206-->[androidx.emoji2:emoji2:1.2.0] AndroidManifest.xml:24:9-32:20
207            android:name="androidx.startup.InitializationProvider"
207-->[androidx.emoji2:emoji2:1.2.0] AndroidManifest.xml:25:13-67
208            android:authorities="com.xelwel.digipatra.androidx-startup"
208-->[androidx.emoji2:emoji2:1.2.0] AndroidManifest.xml:26:13-68
209            android:exported="false" >
209-->[androidx.emoji2:emoji2:1.2.0] AndroidManifest.xml:27:13-37
210            <meta-data
210-->[androidx.emoji2:emoji2:1.2.0] AndroidManifest.xml:29:13-31:52
211                android:name="androidx.emoji2.text.EmojiCompatInitializer"
211-->[androidx.emoji2:emoji2:1.2.0] AndroidManifest.xml:30:17-75
212                android:value="androidx.startup" />
212-->[androidx.emoji2:emoji2:1.2.0] AndroidManifest.xml:31:17-49
213            <meta-data
213-->[androidx.lifecycle:lifecycle-process:2.7.0] AndroidManifest.xml:29:13-31:52
214                android:name="androidx.lifecycle.ProcessLifecycleInitializer"
214-->[androidx.lifecycle:lifecycle-process:2.7.0] AndroidManifest.xml:30:17-78
215                android:value="androidx.startup" />
215-->[androidx.lifecycle:lifecycle-process:2.7.0] AndroidManifest.xml:31:17-49
216            <meta-data
216-->[androidx.profileinstaller:profileinstaller:1.3.1] AndroidManifest.xml:29:13-31:52
217                android:name="androidx.profileinstaller.ProfileInstallerInitializer"
217-->[androidx.profileinstaller:profileinstaller:1.3.1] AndroidManifest.xml:30:17-85
218                android:value="androidx.startup" />
218-->[androidx.profileinstaller:profileinstaller:1.3.1] AndroidManifest.xml:31:17-49
219        </provider>
220
221        <uses-library
221-->[androidx.privacysandbox.ads:ads-adservices:1.1.0-beta11] AndroidManifest.xml:23:9-25:40
222            android:name="android.ext.adservices"
222-->[androidx.privacysandbox.ads:ads-adservices:1.1.0-beta11] AndroidManifest.xml:24:13-50
223            android:required="false" />
223-->[androidx.privacysandbox.ads:ads-adservices:1.1.0-beta11] AndroidManifest.xml:25:13-37
224
225        <service
225-->[com.google.android.datatransport:transport-runtime:3.3.0] AndroidManifest.xml:24:9-28:19
226            android:name="com.google.android.datatransport.runtime.scheduling.jobscheduling.JobInfoSchedulerService"
226-->[com.google.android.datatransport:transport-runtime:3.3.0] AndroidManifest.xml:25:13-117
227            android:exported="false"
227-->[com.google.android.datatransport:transport-runtime:3.3.0] AndroidManifest.xml:26:13-37
228            android:permission="android.permission.BIND_JOB_SERVICE" >
228-->[com.google.android.datatransport:transport-runtime:3.3.0] AndroidManifest.xml:27:13-69
229        </service>
230
231        <receiver
231-->[com.google.android.datatransport:transport-runtime:3.3.0] AndroidManifest.xml:30:9-32:40
232            android:name="com.google.android.datatransport.runtime.scheduling.jobscheduling.AlarmManagerSchedulerBroadcastReceiver"
232-->[com.google.android.datatransport:transport-runtime:3.3.0] AndroidManifest.xml:31:13-132
233            android:exported="false" />
233-->[com.google.android.datatransport:transport-runtime:3.3.0] AndroidManifest.xml:32:13-37
234        <receiver
234-->[androidx.profileinstaller:profileinstaller:1.3.1] AndroidManifest.xml:34:9-52:20
235            android:name="androidx.profileinstaller.ProfileInstallReceiver"
235-->[androidx.profileinstaller:profileinstaller:1.3.1] AndroidManifest.xml:35:13-76
236            android:directBootAware="false"
236-->[androidx.profileinstaller:profileinstaller:1.3.1] AndroidManifest.xml:36:13-44
237            android:enabled="true"
237-->[androidx.profileinstaller:profileinstaller:1.3.1] AndroidManifest.xml:37:13-35
238            android:exported="true"
238-->[androidx.profileinstaller:profileinstaller:1.3.1] AndroidManifest.xml:38:13-36
239            android:permission="android.permission.DUMP" >
239-->[androidx.profileinstaller:profileinstaller:1.3.1] AndroidManifest.xml:39:13-57
240            <intent-filter>
240-->[androidx.profileinstaller:profileinstaller:1.3.1] AndroidManifest.xml:40:13-42:29
241                <action android:name="androidx.profileinstaller.action.INSTALL_PROFILE" />
241-->[androidx.profileinstaller:profileinstaller:1.3.1] AndroidManifest.xml:41:17-91
241-->[androidx.profileinstaller:profileinstaller:1.3.1] AndroidManifest.xml:41:25-88
242            </intent-filter>
243            <intent-filter>
243-->[androidx.profileinstaller:profileinstaller:1.3.1] AndroidManifest.xml:43:13-45:29
244                <action android:name="androidx.profileinstaller.action.SKIP_FILE" />
244-->[androidx.profileinstaller:profileinstaller:1.3.1] AndroidManifest.xml:44:17-85
244-->[androidx.profileinstaller:profileinstaller:1.3.1] AndroidManifest.xml:44:25-82
245            </intent-filter>
246            <intent-filter>
246-->[androidx.profileinstaller:profileinstaller:1.3.1] AndroidManifest.xml:46:13-48:29
247                <action android:name="androidx.profileinstaller.action.SAVE_PROFILE" />
247-->[androidx.profileinstaller:profileinstaller:1.3.1] AndroidManifest.xml:47:17-88
247-->[androidx.profileinstaller:profileinstaller:1.3.1] AndroidManifest.xml:47:25-85
248            </intent-filter>
249            <intent-filter>
249-->[androidx.profileinstaller:profileinstaller:1.3.1] AndroidManifest.xml:49:13-51:29
250                <action android:name="androidx.profileinstaller.action.BENCHMARK_OPERATION" />
250-->[androidx.profileinstaller:profileinstaller:1.3.1] AndroidManifest.xml:50:17-95
250-->[androidx.profileinstaller:profileinstaller:1.3.1] AndroidManifest.xml:50:25-92
251            </intent-filter>
252        </receiver>
253    </application>
254
255</manifest>